0 info it worked if it ends with ok
1 verbose cli [ '/home/ubuntu/.nvm/v0.10.33/bin/node',
1 verbose cli   '/home/ubuntu/.nvm/v0.10.33/bin/npm',
1 verbose cli   'install',
1 verbose cli   'phantomjs',
1 verbose cli   'karma-phantomjs-launder',
1 verbose cli   '--save-dev' ]
2 info using npm@1.4.28
3 info using node@v0.10.33
4 warn package.json workspace@1.0.0 No repository field.
5 warn package.json karma-chrome-launcher@0.1.7 No README data
6 warn package.json karma-mocha@0.1.10 No README data
7 verbose readDependencies using package.json deps
8 verbose cache add [ 'phantomjs', null ]
9 verbose cache add name=undefined spec="phantomjs" args=["phantomjs",null]
10 verbose parsed url { protocol: null,
10 verbose parsed url   slashes: null,
10 verbose parsed url   auth: null,
10 verbose parsed url   host: null,
10 verbose parsed url   port: null,
10 verbose parsed url   hostname: null,
10 verbose parsed url   hash: null,
10 verbose parsed url   search: null,
10 verbose parsed url   query: null,
10 verbose parsed url   pathname: 'phantomjs',
10 verbose parsed url   path: 'phantomjs',
10 verbose parsed url   href: 'phantomjs' }
11 verbose cache add [ 'karma-phantomjs-launder', null ]
12 verbose cache add name=undefined spec="karma-phantomjs-launder" args=["karma-phantomjs-launder",null]
13 verbose parsed url { protocol: null,
13 verbose parsed url   slashes: null,
13 verbose parsed url   auth: null,
13 verbose parsed url   host: null,
13 verbose parsed url   port: null,
13 verbose parsed url   hostname: null,
13 verbose parsed url   hash: null,
13 verbose parsed url   search: null,
13 verbose parsed url   query: null,
13 verbose parsed url   pathname: 'karma-phantomjs-launder',
13 verbose parsed url   path: 'karma-phantomjs-launder',
13 verbose parsed url   href: 'karma-phantomjs-launder' }
14 silly lockFile 30d7cd7d-phantomjs phantomjs
15 verbose lock phantomjs /home/ubuntu/.npm/30d7cd7d-phantomjs.lock
16 silly lockFile 488c1948-karma-phantomjs-launder karma-phantomjs-launder
17 verbose lock karma-phantomjs-launder /home/ubuntu/.npm/488c1948-karma-phantomjs-launder.lock
18 silly lockFile 30d7cd7d-phantomjs phantomjs
19 silly lockFile 30d7cd7d-phantomjs phantomjs
20 silly lockFile 488c1948-karma-phantomjs-launder karma-phantomjs-launder
21 silly lockFile 488c1948-karma-phantomjs-launder karma-phantomjs-launder
22 verbose addNamed [ 'phantomjs', '' ]
23 verbose addNamed [ null, '*' ]
24 silly lockFile 29cf7fd6-phantomjs phantomjs@
25 verbose lock phantomjs@ /home/ubuntu/.npm/29cf7fd6-phantomjs.lock
26 verbose addNamed [ 'karma-phantomjs-launder', '' ]
27 verbose addNamed [ null, '*' ]
28 silly lockFile dd40a88e-karma-phantomjs-launder karma-phantomjs-launder@
29 verbose lock karma-phantomjs-launder@ /home/ubuntu/.npm/dd40a88e-karma-phantomjs-launder.lock
30 silly addNameRange { name: 'phantomjs', range: '*', hasData: false }
31 silly addNameRange { name: 'karma-phantomjs-launder', range: '*', hasData: false }
32 verbose request where is /phantomjs
33 verbose request registry https://registry.npmjs.org/
34 verbose request id e2c5d60d48ff1d01
35 verbose url raw /phantomjs
36 verbose url resolving [ 'https://registry.npmjs.org/', './phantomjs' ]
37 verbose url resolved https://registry.npmjs.org/phantomjs
38 verbose request where is https://registry.npmjs.org/phantomjs
39 info trying registry request attempt 1 at 17:52:28
40 http GET https://registry.npmjs.org/phantomjs
41 verbose request where is /karma-phantomjs-launder
42 verbose request registry https://registry.npmjs.org/
43 verbose url raw /karma-phantomjs-launder
44 verbose url resolving [ 'https://registry.npmjs.org/', './karma-phantomjs-launder' ]
45 verbose url resolved https://registry.npmjs.org/karma-phantomjs-launder
46 verbose request where is https://registry.npmjs.org/karma-phantomjs-launder
47 info trying registry request attempt 1 at 17:52:28
48 http GET https://registry.npmjs.org/karma-phantomjs-launder
49 http 200 https://registry.npmjs.org/phantomjs
50 silly registry.get cb [ 200,
50 silly registry.get   { date: 'Wed, 31 Dec 2014 17:52:28 GMT',
50 silly registry.get     server: 'CouchDB/1.5.0 (Erlang OTP/R16B03)',
50 silly registry.get     etag: '"BP25I2XDD7HG8FO3MYS5P6JT2"',
50 silly registry.get     'content-type': 'application/json',
50 silly registry.get     'cache-control': 'max-age=60',
50 silly registry.get     'content-length': '91067',
50 silly registry.get     'accept-ranges': 'bytes',
50 silly registry.get     via: '1.1 varnish',
50 silly registry.get     age: '40',
50 silly registry.get     'x-served-by': 'cache-lcy1135-LCY',
50 silly registry.get     'x-cache': 'HIT',
50 silly registry.get     'x-cache-hits': '2',
50 silly registry.get     'x-timer': 'S1420048348.163516,VS0,VE0',
50 silly registry.get     vary: 'Accept',
50 silly registry.get     'keep-alive': 'timeout=10, max=50',
50 silly registry.get     connection: 'Keep-Alive' } ]
51 silly addNameRange number 2 { name: 'phantomjs', range: '*', hasData: true }
52 silly addNameRange versions [ 'phantomjs',
52 silly addNameRange   [ '0.0.1',
52 silly addNameRange     '0.0.2',
52 silly addNameRange     '0.0.3',
52 silly addNameRange     '0.0.4',
52 silly addNameRange     '0.0.5',
52 silly addNameRange     '0.0.6',
52 silly addNameRange     '0.0.7',
52 silly addNameRange     '0.0.8',
52 silly addNameRange     '0.0.9',
52 silly addNameRange     '0.1.0',
52 silly addNameRange     '0.1.1',
52 silly addNameRange     '0.2.0',
52 silly addNameRange     '0.2.1',
52 silly addNameRange     '0.2.2',
52 silly addNameRange     '0.2.3',
52 silly addNameRange     '0.2.4',
52 silly addNameRange     '0.2.5',
52 silly addNameRange     '0.2.6',
52 silly addNameRange     '1.8.0-1',
52 silly addNameRange     '1.8.1-1',
52 silly addNameRange     '1.8.1-2',
52 silly addNameRange     '1.8.1-3',
52 silly addNameRange     '1.8.2-0',
52 silly addNameRange     '1.8.2-1',
52 silly addNameRange     '1.8.2-2',
52 silly addNameRange     '1.9.0-0',
52 silly addNameRange     '1.9.0-1',
52 silly addNameRange     '1.9.0-2',
52 silly addNameRange     '1.9.0-3',
52 silly addNameRange     '1.9.0-4',
52 silly addNameRange     '1.9.0-5',
52 silly addNameRange     '1.9.0-6',
52 silly addNameRange     '1.9.1-0',
52 silly addNameRange     '1.9.1-2',
52 silly addNameRange     '1.9.1-3',
52 silly addNameRange     '1.9.1-4',
52 silly addNameRange     '1.9.1-5',
52 silly addNameRange     '1.9.1-6',
52 silly addNameRange     '1.9.1-7',
52 silly addNameRange     '1.9.1-8',
52 silly addNameRange     '1.9.1-9',
52 silly addNameRange     '1.9.2-0',
52 silly addNameRange     '1.9.2-1',
52 silly addNameRange     '1.9.2-2',
52 silly addNameRange     '1.9.2-3',
52 silly addNameRange     '1.9.2-4',
52 silly addNameRange     '1.9.2-5',
52 silly addNameRange     '1.9.2-6',
52 silly addNameRange     '1.9.6-0',
52 silly addNameRange     '1.9.7-1',
52 silly addNameRange     '1.9.7-3',
52 silly addNameRange     '1.9.7-4',
52 silly addNameRange     '1.9.7-5',
52 silly addNameRange     '1.9.7-6',
52 silly addNameRange     '1.9.7-7',
52 silly addNameRange     '1.9.7-8',
52 silly addNameRange     '1.9.7-9',
52 silly addNameRange     '1.9.7-10',
52 silly addNameRange     '1.9.7-11',
52 silly addNameRange     '1.9.7-12',
52 silly addNameRange     '1.9.7-13',
52 silly addNameRange     '1.9.7-14',
52 silly addNameRange     '1.9.7-15',
52 silly addNameRange     '1.8.2-3',
52 silly addNameRange     '1.9.8',
52 silly addNameRange     '1.9.9',
52 silly addNameRange     '1.9.10',
52 silly addNameRange     '1.9.11',
52 silly addNameRange     '1.9.12',
52 silly addNameRange     '1.9.13' ] ]
53 verbose addNamed [ 'phantomjs', '1.9.13' ]
54 verbose addNamed [ '1.9.13', '1.9.13' ]
55 silly lockFile b0139109-phantomjs-1-9-13 phantomjs@1.9.13
56 verbose lock phantomjs@1.9.13 /home/ubuntu/.npm/b0139109-phantomjs-1-9-13.lock
57 silly lockFile 53cfdd45-g-phantomjs-phantomjs-1-9-13-tgz https://registry.npmjs.org/phantomjs/-/phantomjs-1.9.13.tgz
58 verbose lock https://registry.npmjs.org/phantomjs/-/phantomjs-1.9.13.tgz /home/ubuntu/.npm/53cfdd45-g-phantomjs-phantomjs-1-9-13-tgz.lock
59 verbose addRemoteTarball [ 'https://registry.npmjs.org/phantomjs/-/phantomjs-1.9.13.tgz',
59 verbose addRemoteTarball   '2f9afca241eaf17cad5a137bf9eade948a4d7ef5' ]
60 info retry fetch attempt 1 at 17:52:28
61 verbose fetch to= /tmp/npm-14274-IvatwzRG/registry.npmjs.org/phantomjs/-/phantomjs-1.9.13.tgz
62 http GET https://registry.npmjs.org/phantomjs/-/phantomjs-1.9.13.tgz
63 http 200 https://registry.npmjs.org/phantomjs/-/phantomjs-1.9.13.tgz
64 silly lockFile 53cfdd45-g-phantomjs-phantomjs-1-9-13-tgz https://registry.npmjs.org/phantomjs/-/phantomjs-1.9.13.tgz
65 silly lockFile 53cfdd45-g-phantomjs-phantomjs-1-9-13-tgz https://registry.npmjs.org/phantomjs/-/phantomjs-1.9.13.tgz
66 silly lockFile b0139109-phantomjs-1-9-13 phantomjs@1.9.13
67 silly lockFile b0139109-phantomjs-1-9-13 phantomjs@1.9.13
68 silly lockFile 29cf7fd6-phantomjs phantomjs@
69 silly lockFile 29cf7fd6-phantomjs phantomjs@
70 http 404 https://registry.npmjs.org/karma-phantomjs-launder
71 verbose headers { date: 'Wed, 31 Dec 2014 17:52:28 GMT',
71 verbose headers   server: 'CouchDB/1.5.0 (Erlang OTP/R16B03)',
71 verbose headers   'content-type': 'application/json',
71 verbose headers   'cache-control': 'max-age=0',
71 verbose headers   'content-length': '52',
71 verbose headers   'accept-ranges': 'bytes',
71 verbose headers   via: '1.1 varnish',
71 verbose headers   age: '0',
71 verbose headers   'x-served-by': 'cache-fra1243-FRA',
71 verbose headers   'x-cache': 'MISS',
71 verbose headers   'x-cache-hits': '0',
71 verbose headers   'x-timer': 'S1420048348.243774,VS0,VE726',
71 verbose headers   'keep-alive': 'timeout=10, max=50',
71 verbose headers   connection: 'Keep-Alive' }
72 silly registry.get cb [ 404,
72 silly registry.get   { date: 'Wed, 31 Dec 2014 17:52:28 GMT',
72 silly registry.get     server: 'CouchDB/1.5.0 (Erlang OTP/R16B03)',
72 silly registry.get     'content-type': 'application/json',
72 silly registry.get     'cache-control': 'max-age=0',
72 silly registry.get     'content-length': '52',
72 silly registry.get     'accept-ranges': 'bytes',
72 silly registry.get     via: '1.1 varnish',
72 silly registry.get     age: '0',
72 silly registry.get     'x-served-by': 'cache-fra1243-FRA',
72 silly registry.get     'x-cache': 'MISS',
72 silly registry.get     'x-cache-hits': '0',
72 silly registry.get     'x-timer': 'S1420048348.243774,VS0,VE726',
72 silly registry.get     'keep-alive': 'timeout=10, max=50',
72 silly registry.get     connection: 'Keep-Alive' } ]
73 silly lockFile dd40a88e-karma-phantomjs-launder karma-phantomjs-launder@
74 silly lockFile dd40a88e-karma-phantomjs-launder karma-phantomjs-launder@
75 error 404 404 Not Found: karma-phantomjs-launder
75 error 404
75 error 404 'karma-phantomjs-launder' is not in the npm registry.
75 error 404 You should bug the author to publish it
75 error 404 It was specified as a dependency of 'workspace'
75 error 404
75 error 404 Note that you can also install from a
75 error 404 tarball, folder, or http url, or git url.
76 error System Linux 3.14.13-c9
77 error command "/home/ubuntu/.nvm/v0.10.33/bin/node" "/home/ubuntu/.nvm/v0.10.33/bin/npm" "install" "phantomjs" "karma-phantomjs-launder" "--save-dev"
78 error cwd /home/ubuntu/workspace
79 error node -v v0.10.33
80 error npm -v 1.4.28
81 error code E404
82 verbose exit [ 1, true ]
